2025-12-09 17:55:44,006 [WARNING] API Fehler (Versuch 1): 429 Client Error: Too Many Requests for url: https://financialmodelingprep.com/stable/revenue-geographic-segmentation?symbol=GM&period=quarter&apikey=d47e66453586f4714cb104bbcb5395d9. Warte 1s...
2025-12-09 17:55:44,035 [WARNING] API Fehler (Versuch 1): 429 Client Error: Too Many Requests for url: https://financialmodelingprep.com/stable/revenue-product-segmentation?symbol=HCA&period=annual&apikey=d47e66453586f4714cb104bbcb5395d9. Warte 1s...
2025-12-09 17:55:44,037 [WARNING] API Fehler (Versuch 1): 429 Client Error: Too Many Requests for url: https://financialmodelingprep.com/stable/revenue-product-segmentation?symbol=GDDY&period=quarter&apikey=d47e66453586f4714cb104bbcb5395d9. Warte 1s...
2025-12-09 17:55:44,066 [WARNING] API Fehler (Versuch 1): 429 Client Error: Too Many Requests for url: https://financialmodelingprep.com/stable/revenue-geographic-segmentation?symbol=GIS&period=annual&apikey=d47e66453586f4714cb104bbcb5395d9. Warte 1s...
2025-12-09 17:55:44,076 [WARNING] API Fehler (Versuch 1): 429 Client Error: Too Many Requests for url: https://financialmodelingprep.com/stable/revenue-geographic-segmentation?symbol=GILD&period=annual&apikey=d47e66453586f4714cb104bbcb5395d9. Warte 1s...
2025-12-09 17:55:44,078 [WARNING] API Fehler (Versuch 1): 429 Client Error: Too Many Requests for url: https://financialmodelingprep.com/stable/revenue-product-segmentation?symbol=GS&period=quarter&apikey=d47e66453586f4714cb104bbcb5395d9. Warte 1s...
2025-12-09 17:55:44,078 [WARNING] API Fehler (Versuch 1): 429 Client Error: Too Many Requests for url: https://financialmodelingprep.com/stable/revenue-geographic-segmentation?symbol=GPC&period=annual&apikey=d47e66453586f4714cb104bbcb5395d9. Warte 1s...
2025-12-09 17:55:44,095 [WARNING] API Fehler (Versuch 1): 429 Client Error: Too Many Requests for url: https://financialmodelingprep.com/stable/revenue-product-segmentation?symbol=0IZI.L&period=quarter&apikey=d47e66453586f4714cb104bbcb5395d9. Warte 1s...
2025-12-09 17:55:44,096 [WARNING] API Fehler (Versuch 1): 429 Client Error: Too Many Requests for url: https://financialmodelingprep.com/stable/revenue-geographic-segmentation?symbol=GL&period=annual&apikey=d47e66453586f4714cb104bbcb5395d9. Warte 1s...
2025-12-09 17:55:44,102 [WARNING] API Fehler (Versuch 1): 429 Client Error: Too Many Requests for url: https://financialmodelingprep.com/stable/revenue-geographic-segmentation?symbol=GPN&period=annual&apikey=d47e66453586f4714cb104bbcb5395d9. Warte 1s...
2025-12-09 17:55:45,149 [WARNING] API Fehler (Versuch 2): 429 Client Error: Too Many Requests for url: https://financialmodelingprep.com/stable/revenue-geographic-segmentation?symbol=GM&period=quarter&apikey=d47e66453586f4714cb104bbcb5395d9. Warte 2s...
2025-12-09 17:55:45,153 [WARNING] API Fehler (Versuch 2): 429 Client Error: Too Many Requests for url: https://financialmodelingprep.com/stable/revenue-product-segmentation?symbol=GDDY&period=quarter&apikey=d47e66453586f4714cb104bbcb5395d9. Warte 2s...
2025-12-09 17:55:45,163 [WARNING] API Fehler (Versuch 2): 429 Client Error: Too Many Requests for url: https://financialmodelingprep.com/stable/revenue-product-segmentation?symbol=HCA&period=annual&apikey=d47e66453586f4714cb104bbcb5395d9. Warte 2s...
2025-12-09 17:55:45,189 [WARNING] API Fehler (Versuch 2): 429 Client Error: Too Many Requests for url: https://financialmodelingprep.com/stable/revenue-geographic-segmentation?symbol=GIS&period=annual&apikey=d47e66453586f4714cb104bbcb5395d9. Warte 2s...
2025-12-09 17:55:45,192 [WARNING] API Fehler (Versuch 2): 429 Client Error: Too Many Requests for url: https://financialmodelingprep.com/stable/revenue-geographic-segmentation?symbol=GILD&period=annual&apikey=d47e66453586f4714cb104bbcb5395d9. Warte 2s...
2025-12-09 17:55:45,193 [WARNING] API Fehler (Versuch 2): 429 Client Error: Too Many Requests for url: https://financialmodelingprep.com/stable/revenue-geographic-segmentation?symbol=GPC&period=annual&apikey=d47e66453586f4714cb104bbcb5395d9. Warte 2s...
2025-12-09 17:55:45,194 [WARNING] API Fehler (Versuch 2): 429 Client Error: Too Many Requests for url: https://financialmodelingprep.com/stable/revenue-product-segmentation?symbol=GS&period=quarter&apikey=d47e66453586f4714cb104bbcb5395d9. Warte 2s...
2025-12-09 17:55:45,210 [WARNING] API Fehler (Versuch 2): 429 Client Error: Too Many Requests for url: https://financialmodelingprep.com/stable/revenue-geographic-segmentation?symbol=GL&period=annual&apikey=d47e66453586f4714cb104bbcb5395d9. Warte 2s...
2025-12-09 17:55:45,210 [WARNING] API Fehler (Versuch 2): 429 Client Error: Too Many Requests for url: https://financialmodelingprep.com/stable/revenue-product-segmentation?symbol=0IZI.L&period=quarter&apikey=d47e66453586f4714cb104bbcb5395d9. Warte 2s...
2025-12-09 17:55:45,216 [WARNING] API Fehler (Versuch 2): 429 Client Error: Too Many Requests for url: https://financialmodelingprep.com/stable/revenue-geographic-segmentation?symbol=GPN&period=annual&apikey=d47e66453586f4714cb104bbcb5395d9. Warte 2s...
2025-12-09 17:55:47,265 [ERROR] API Fehler nach 3 Versuchen: 429 Client Error: Too Many Requests for url: https://financialmodelingprep.com/stable/revenue-product-segmentation?symbol=GDDY&period=quarter&apikey=d47e66453586f4714cb104bbcb5395d9
2025-12-09 17:55:47,268 [ERROR] API Fehler nach 3 Versuchen: 429 Client Error: Too Many Requests for url: https://financialmodelingprep.com/stable/revenue-geographic-segmentation?symbol=GM&period=quarter&apikey=d47e66453586f4714cb104bbcb5395d9
2025-12-09 17:55:47,276 [ERROR] API Fehler nach 3 Versuchen: 429 Client Error: Too Many Requests for url: https://financialmodelingprep.com/stable/revenue-product-segmentation?symbol=HCA&period=annual&apikey=d47e66453586f4714cb104bbcb5395d9
2025-12-09 17:55:47,304 [ERROR] API Fehler nach 3 Versuchen: 429 Client Error: Too Many Requests for url: https://financialmodelingprep.com/stable/revenue-geographic-segmentation?symbol=GIS&period=annual&apikey=d47e66453586f4714cb104bbcb5395d9
2025-12-09 17:55:47,312 [ERROR] API Fehler nach 3 Versuchen: 429 Client Error: Too Many Requests for url: https://financialmodelingprep.com/stable/revenue-product-segmentation?symbol=GS&period=quarter&apikey=d47e66453586f4714cb104bbcb5395d9
2025-12-09 17:55:47,317 [ERROR] API Fehler nach 3 Versuchen: 429 Client Error: Too Many Requests for url: https://financialmodelingprep.com/stable/revenue-geographic-segmentation?symbol=GILD&period=annual&apikey=d47e66453586f4714cb104bbcb5395d9
2025-12-09 17:55:47,318 [ERROR] API Fehler nach 3 Versuchen: 429 Client Error: Too Many Requests for url: https://financialmodelingprep.com/stable/revenue-geographic-segmentation?symbol=GPC&period=annual&apikey=d47e66453586f4714cb104bbcb5395d9
2025-12-09 17:55:47,324 [ERROR] API Fehler nach 3 Versuchen: 429 Client Error: Too Many Requests for url: https://financialmodelingprep.com/stable/revenue-product-segmentation?symbol=0IZI.L&period=quarter&apikey=d47e66453586f4714cb104bbcb5395d9
2025-12-09 17:55:47,330 [ERROR] API Fehler nach 3 Versuchen: 429 Client Error: Too Many Requests for url: https://financialmodelingprep.com/stable/revenue-geographic-segmentation?symbol=GPN&period=annual&apikey=d47e66453586f4714cb104bbcb5395d9
2025-12-09 17:55:47,333 [ERROR] API Fehler nach 3 Versuchen: 429 Client Error: Too Many Requests for url: https://financialmodelingprep.com/stable/revenue-geographic-segmentation?symbol=GL&period=annual&apikey=d47e66453586f4714cb104bbcb5395d9
2025-12-09 17:55:47,376 [WARNING] API Fehler (Versuch 1): 429 Client Error: Too Many Requests for url: https://financialmodelingprep.com/stable/revenue-product-segmentation?symbol=0J2E.L&period=annual&apikey=d47e66453586f4714cb104bbcb5395d9. Warte 1s...
2025-12-09 17:55:47,382 [WARNING] API Fehler (Versuch 1): 429 Client Error: Too Many Requests for url: https://financialmodelingprep.com/stable/revenue-geographic-segmentation?symbol=GDDY&period=annual&apikey=d47e66453586f4714cb104bbcb5395d9. Warte 1s...
2025-12-09 17:55:47,389 [WARNING] API Fehler (Versuch 1): 429 Client Error: Too Many Requests for url: https://financialmodelingprep.com/stable/revenue-product-segmentation?symbol=HCA&period=quarter&apikey=d47e66453586f4714cb104bbcb5395d9. Warte 1s...
2025-12-09 17:55:47,412 [WARNING] API Fehler (Versuch 1): 429 Client Error: Too Many Requests for url: https://financialmodelingprep.com/stable/revenue-geographic-segmentation?symbol=GIS&period=quarter&apikey=d47e66453586f4714cb104bbcb5395d9. Warte 1s...
2025-12-09 17:55:47,428 [WARNING] API Fehler (Versuch 1): 429 Client Error: Too Many Requests for url: https://financialmodelingprep.com/stable/revenue-geographic-segmentation?symbol=GS&period=annual&apikey=d47e66453586f4714cb104bbcb5395d9. Warte 1s...
2025-12-09 17:55:47,431 [WARNING] API Fehler (Versuch 1): 429 Client Error: Too Many Requests for url: https://financialmodelingprep.com/stable/revenue-geographic-segmentation?symbol=GILD&period=quarter&apikey=d47e66453586f4714cb104bbcb5395d9. Warte 1s...
2025-12-09 17:55:47,432 [WARNING] API Fehler (Versuch 1): 429 Client Error: Too Many Requests for url: https://financialmodelingprep.com/stable/revenue-geographic-segmentation?symbol=0IZI.L&period=annual&apikey=d47e66453586f4714cb104bbcb5395d9. Warte 1s...
2025-12-09 17:55:47,439 [WARNING] API Fehler (Versuch 1): 429 Client Error: Too Many Requests for url: https://financialmodelingprep.com/stable/revenue-geographic-segmentation?symbol=GPN&period=quarter&apikey=d47e66453586f4714cb104bbcb5395d9. Warte 1s...
2025-12-09 17:55:47,440 [WARNING] API Fehler (Versuch 1): 429 Client Error: Too Many Requests for url: https://financialmodelingprep.com/stable/revenue-geographic-segmentation?symbol=GL&period=quarter&apikey=d47e66453586f4714cb104bbcb5395d9. Warte 1s...
2025-12-09 17:55:47,445 [WARNING] API Fehler (Versuch 1): 429 Client Error: Too Many Requests for url: https://financialmodelingprep.com/stable/revenue-geographic-segmentation?symbol=GPC&period=quarter&apikey=d47e66453586f4714cb104bbcb5395d9. Warte 1s...
2025-12-09 17:55:48,510 [WARNING] API Fehler (Versuch 2): 429 Client Error: Too Many Requests for url: https://financialmodelingprep.com/stable/revenue-geographic-segmentation?symbol=GDDY&period=annual&apikey=d47e66453586f4714cb104bbcb5395d9. Warte 2s...
2025-12-09 17:55:48,521 [WARNING] API Fehler (Versuch 2): 429 Client Error: Too Many Requests for url: https://financialmodelingprep.com/stable/revenue-product-segmentation?symbol=HCA&period=quarter&apikey=d47e66453586f4714cb104bbcb5395d9. Warte 2s...
2025-12-09 17:55:48,541 [WARNING] API Fehler (Versuch 2): 429 Client Error: Too Many Requests for url: https://financialmodelingprep.com/stable/revenue-product-segmentation?symbol=0J2E.L&period=annual&apikey=d47e66453586f4714cb104bbcb5395d9. Warte 2s...
2025-12-09 17:55:48,546 [WARNING] API Fehler (Versuch 2): 429 Client Error: Too Many Requests for url: https://financialmodelingprep.com/stable/revenue-geographic-segmentation?symbol=0IZI.L&period=annual&apikey=d47e66453586f4714cb104bbcb5395d9. Warte 2s...
2025-12-09 17:55:48,547 [WARNING] API Fehler (Versuch 2): 429 Client Error: Too Many Requests for url: https://financialmodelingprep.com/stable/revenue-geographic-segmentation?symbol=GILD&period=quarter&apikey=d47e66453586f4714cb104bbcb5395d9. Warte 2s...
2025-12-09 17:55:48,547 [WARNING] API Fehler (Versuch 2): 429 Client Error: Too Many Requests for url: https://financialmodelingprep.com/stable/revenue-geographic-segmentation?symbol=GIS&period=quarter&apikey=d47e66453586f4714cb104bbcb5395d9. Warte 2s...
2025-12-09 17:55:48,556 [WARNING] API Fehler (Versuch 2): 429 Client Error: Too Many Requests for url: https://financialmodelingprep.com/stable/revenue-geographic-segmentation?symbol=GS&period=annual&apikey=d47e66453586f4714cb104bbcb5395d9. Warte 2s...
2025-12-09 17:55:48,571 [WARNING] API Fehler (Versuch 2): 429 Client Error: Too Many Requests for url: https://financialmodelingprep.com/stable/revenue-geographic-segmentation?symbol=GL&period=quarter&apikey=d47e66453586f4714cb104bbcb5395d9. Warte 2s...
2025-12-09 17:55:48,630 [WARNING] API Fehler (Versuch 2): 429 Client Error: Too Many Requests for url: https://financialmodelingprep.com/stable/revenue-geographic-segmentation?symbol=GPN&period=quarter&apikey=d47e66453586f4714cb104bbcb5395d9. Warte 2s...
2025-12-09 17:55:48,631 [WARNING] API Fehler (Versuch 2): 429 Client Error: Too Many Requests for url: https://financialmodelingprep.com/stable/revenue-geographic-segmentation?symbol=GPC&period=quarter&apikey=d47e66453586f4714cb104bbcb5395d9. Warte 2s...
2025-12-09 17:55:50,640 [ERROR] API Fehler nach 3 Versuchen: 429 Client Error: Too Many Requests for url: https://financialmodelingprep.com/stable/revenue-product-segmentation?symbol=HCA&period=quarter&apikey=d47e66453586f4714cb104bbcb5395d9
2025-12-09 17:55:50,645 [ERROR] API Fehler nach 3 Versuchen: 429 Client Error: Too Many Requests for url: https://financialmodelingprep.com/stable/revenue-geographic-segmentation?symbol=GDDY&period=annual&apikey=d47e66453586f4714cb104bbcb5395d9
2025-12-09 17:55:50,671 [ERROR] API Fehler nach 3 Versuchen: 429 Client Error: Too Many Requests for url: https://financialmodelingprep.com/stable/revenue-product-segmentation?symbol=0J2E.L&period=annual&apikey=d47e66453586f4714cb104bbcb5395d9
2025-12-09 17:55:50,678 [ERROR] API Fehler nach 3 Versuchen: 429 Client Error: Too Many Requests for url: https://financialmodelingprep.com/stable/revenue-geographic-segmentation?symbol=GILD&period=quarter&apikey=d47e66453586f4714cb104bbcb5395d9
2025-12-09 17:55:50,681 [ERROR] API Fehler nach 3 Versuchen: 429 Client Error: Too Many Requests for url: https://financialmodelingprep.com/stable/revenue-geographic-segmentation?symbol=0IZI.L&period=annual&apikey=d47e66453586f4714cb104bbcb5395d9
2025-12-09 17:55:50,681 [ERROR] API Fehler nach 3 Versuchen: 429 Client Error: Too Many Requests for url: https://financialmodelingprep.com/stable/revenue-geographic-segmentation?symbol=GS&period=annual&apikey=d47e66453586f4714cb104bbcb5395d9
2025-12-09 17:55:50,697 [ERROR] API Fehler nach 3 Versuchen: 429 Client Error: Too Many Requests for url: https://financialmodelingprep.com/stable/revenue-geographic-segmentation?symbol=GL&period=quarter&apikey=d47e66453586f4714cb104bbcb5395d9
2025-12-09 17:55:50,697 [ERROR] API Fehler nach 3 Versuchen: 429 Client Error: Too Many Requests for url: https://financialmodelingprep.com/stable/revenue-geographic-segmentation?symbol=GIS&period=quarter&apikey=d47e66453586f4714cb104bbcb5395d9
2025-12-09 17:55:50,764 [WARNING] API Fehler (Versuch 1): 429 Client Error: Too Many Requests for url: https://financialmodelingprep.com/stable/revenue-geographic-segmentation?symbol=HCA&period=annual&apikey=d47e66453586f4714cb104bbcb5395d9. Warte 1s...
2025-12-09 17:55:50,764 [ERROR] API Fehler nach 3 Versuchen: 429 Client Error: Too Many Requests for url: https://financialmodelingprep.com/stable/revenue-geographic-segmentation?symbol=GPC&period=quarter&apikey=d47e66453586f4714cb104bbcb5395d9
2025-12-09 17:55:50,764 [ERROR] API Fehler nach 3 Versuchen: 429 Client Error: Too Many Requests for url: https://financialmodelingprep.com/stable/revenue-geographic-segmentation?symbol=GPN&period=quarter&apikey=d47e66453586f4714cb104bbcb5395d9
2025-12-09 17:55:50,769 [WARNING] API Fehler (Versuch 1): 429 Client Error: Too Many Requests for url: https://financialmodelingprep.com/stable/revenue-geographic-segmentation?symbol=GDDY&period=quarter&apikey=d47e66453586f4714cb104bbcb5395d9. Warte 1s...
2025-12-09 17:55:50,804 [WARNING] API Fehler (Versuch 1): 429 Client Error: Too Many Requests for url: https://financialmodelingprep.com/stable/revenue-geographic-segmentation?symbol=GS&period=quarter&apikey=d47e66453586f4714cb104bbcb5395d9. Warte 1s...
2025-12-09 17:55:50,816 [WARNING] API Fehler (Versuch 1): 429 Client Error: Too Many Requests for url: https://financialmodelingprep.com/stable/revenue-geographic-segmentation?symbol=0IZI.L&period=quarter&apikey=d47e66453586f4714cb104bbcb5395d9. Warte 1s...
2025-12-09 17:55:50,816 [WARNING] API Fehler (Versuch 1): 429 Client Error: Too Many Requests for url: https://financialmodelingprep.com/stable/revenue-product-segmentation?symbol=0R23.L&period=annual&apikey=d47e66453586f4714cb104bbcb5395d9. Warte 1s...
2025-12-09 17:55:50,817 [WARNING] API Fehler (Versuch 1): 429 Client Error: Too Many Requests for url: https://financialmodelingprep.com/stable/revenue-product-segmentation?symbol=0J2E.L&period=quarter&apikey=d47e66453586f4714cb104bbcb5395d9. Warte 1s...
2025-12-09 17:55:50,822 [WARNING] API Fehler (Versuch 1): 429 Client Error: Too Many Requests for url: https://financialmodelingprep.com/stable/revenue-product-segmentation?symbol=HIG&period=annual&apikey=d47e66453586f4714cb104bbcb5395d9. Warte 1s...
2025-12-09 17:55:50,822 [WARNING] API Fehler (Versuch 1): 429 Client Error: Too Many Requests for url: https://financialmodelingprep.com/stable/revenue-product-segmentation?symbol=HAS&period=annual&apikey=d47e66453586f4714cb104bbcb5395d9. Warte 1s...
2025-12-09 17:55:50,883 [WARNING] API Fehler (Versuch 1): 429 Client Error: Too Many Requests for url: https://financialmodelingprep.com/stable/revenue-product-segmentation?symbol=DOC&period=annual&apikey=d47e66453586f4714cb104bbcb5395d9. Warte 1s...
2025-12-09 17:55:50,891 [WARNING] API Fehler (Versuch 1): 429 Client Error: Too Many Requests for url: https://financialmodelingprep.com/stable/revenue-product-segmentation?symbol=JKHY&period=annual&apikey=d47e66453586f4714cb104bbcb5395d9. Warte 1s...
2025-12-09 17:55:51,895 [WARNING] API Fehler (Versuch 2): 429 Client Error: Too Many Requests for url: https://financialmodelingprep.com/stable/revenue-geographic-segmentation?symbol=GDDY&period=quarter&apikey=d47e66453586f4714cb104bbcb5395d9. Warte 2s...
2025-12-09 17:55:51,896 [WARNING] API Fehler (Versuch 2): 429 Client Error: Too Many Requests for url: https://financialmodelingprep.com/stable/revenue-geographic-segmentation?symbol=HCA&period=annual&apikey=d47e66453586f4714cb104bbcb5395d9. Warte 2s...
2025-12-09 17:55:51,918 [WARNING] API Fehler (Versuch 2): 429 Client Error: Too Many Requests for url: https://financialmodelingprep.com/stable/revenue-geographic-segmentation?symbol=GS&period=quarter&apikey=d47e66453586f4714cb104bbcb5395d9. Warte 2s...
2025-12-09 17:55:51,931 [WARNING] API Fehler (Versuch 2): 429 Client Error: Too Many Requests for url: https://financialmodelingprep.com/stable/revenue-geographic-segmentation?symbol=0IZI.L&period=quarter&apikey=d47e66453586f4714cb104bbcb5395d9. Warte 2s...
2025-12-09 17:55:51,931 [WARNING] API Fehler (Versuch 2): 429 Client Error: Too Many Requests for url: https://financialmodelingprep.com/stable/revenue-product-segmentation?symbol=0J2E.L&period=quarter&apikey=d47e66453586f4714cb104bbcb5395d9. Warte 2s...
2025-12-09 17:55:51,935 [WARNING] API Fehler (Versuch 2): 429 Client Error: Too Many Requests for url: https://financialmodelingprep.com/stable/revenue-product-segmentation?symbol=0R23.L&period=annual&apikey=d47e66453586f4714cb104bbcb5395d9. Warte 2s...
2025-12-09 17:55:51,938 [WARNING] API Fehler (Versuch 2): 429 Client Error: Too Many Requests for url: https://financialmodelingprep.com/stable/revenue-product-segmentation?symbol=HAS&period=annual&apikey=d47e66453586f4714cb104bbcb5395d9. Warte 2s...
2025-12-09 17:55:51,940 [WARNING] API Fehler (Versuch 2): 429 Client Error: Too Many Requests for url: https://financialmodelingprep.com/stable/revenue-product-segmentation?symbol=HIG&period=annual&apikey=d47e66453586f4714cb104bbcb5395d9. Warte 2s...
2025-12-09 17:55:52,009 [WARNING] API Fehler (Versuch 2): 429 Client Error: Too Many Requests for url: https://financialmodelingprep.com/stable/revenue-product-segmentation?symbol=JKHY&period=annual&apikey=d47e66453586f4714cb104bbcb5395d9. Warte 2s...
2025-12-09 17:55:52,159 [WARNING] API Fehler (Versuch 2): 429 Client Error: Too Many Requests for url: https://financialmodelingprep.com/stable/revenue-product-segmentation?symbol=DOC&period=annual&apikey=d47e66453586f4714cb104bbcb5395d9. Warte 2s...
2025-12-09 17:55:54,029 [ERROR] API Fehler nach 3 Versuchen: 429 Client Error: Too Many Requests for url: https://financialmodelingprep.com/stable/revenue-geographic-segmentation?symbol=GDDY&period=quarter&apikey=d47e66453586f4714cb104bbcb5395d9
2025-12-09 17:55:54,030 [ERROR] API Fehler nach 3 Versuchen: 429 Client Error: Too Many Requests for url: https://financialmodelingprep.com/stable/revenue-geographic-segmentation?symbol=HCA&period=annual&apikey=d47e66453586f4714cb104bbcb5395d9
2025-12-09 17:55:54,036 [ERROR] API Fehler nach 3 Versuchen: 429 Client Error: Too Many Requests for url: https://financialmodelingprep.com/stable/revenue-geographic-segmentation?symbol=GS&period=quarter&apikey=d47e66453586f4714cb104bbcb5395d9
2025-12-09 17:55:54,047 [ERROR] API Fehler nach 3 Versuchen: 429 Client Error: Too Many Requests for url: https://financialmodelingprep.com/stable/revenue-product-segmentation?symbol=0J2E.L&period=quarter&apikey=d47e66453586f4714cb104bbcb5395d9
2025-12-09 17:55:54,047 [ERROR] API Fehler nach 3 Versuchen: 429 Client Error: Too Many Requests for url: https://financialmodelingprep.com/stable/revenue-geographic-segmentation?symbol=0IZI.L&period=quarter&apikey=d47e66453586f4714cb104bbcb5395d9
2025-12-09 17:55:54,048 [ERROR] API Fehler nach 3 Versuchen: 429 Client Error: Too Many Requests for url: https://financialmodelingprep.com/stable/revenue-product-segmentation?symbol=0R23.L&period=annual&apikey=d47e66453586f4714cb104bbcb5395d9
2025-12-09 17:55:54,056 [ERROR] API Fehler nach 3 Versuchen: 429 Client Error: Too Many Requests for url: https://financialmodelingprep.com/stable/revenue-product-segmentation?symbol=HIG&period=annual&apikey=d47e66453586f4714cb104bbcb5395d9
2025-12-09 17:55:54,062 [ERROR] API Fehler nach 3 Versuchen: 429 Client Error: Too Many Requests for url: https://financialmodelingprep.com/stable/revenue-product-segmentation?symbol=HAS&period=annual&apikey=d47e66453586f4714cb104bbcb5395d9
2025-12-09 17:55:54,154 [WARNING] API Fehler (Versuch 1): 429 Client Error: Too Many Requests for url: https://financialmodelingprep.com/stable/revenue-geographic-segmentation?symbol=HCA&period=quarter&apikey=d47e66453586f4714cb104bbcb5395d9. Warte 1s...
2025-12-09 17:55:54,157 [WARNING] API Fehler (Versuch 1): 429 Client Error: Too Many Requests for url: https://financialmodelingprep.com/stable/revenue-product-segmentation?symbol=HLT&period=annual&apikey=d47e66453586f4714cb104bbcb5395d9. Warte 1s...
2025-12-09 17:55:54,158 [WARNING] API Fehler (Versuch 1): 429 Client Error: Too Many Requests for url: https://financialmodelingprep.com/stable/revenue-product-segmentation?symbol=0R23.L&period=quarter&apikey=d47e66453586f4714cb104bbcb5395d9. Warte 1s...
2025-12-09 17:55:54,158 [WARNING] API Fehler (Versuch 1): 429 Client Error: Too Many Requests for url: https://financialmodelingprep.com/stable/revenue-product-segmentation?symbol=HSY&period=annual&apikey=d47e66453586f4714cb104bbcb5395d9. Warte 1s...
2025-12-09 17:55:54,164 [WARNING] API Fehler (Versuch 1): 429 Client Error: Too Many Requests for url: https://financialmodelingprep.com/stable/revenue-product-segmentation?symbol=HIG&period=quarter&apikey=d47e66453586f4714cb104bbcb5395d9. Warte 1s...
2025-12-09 17:55:54,169 [WARNING] API Fehler (Versuch 1): 429 Client Error: Too Many Requests for url: https://financialmodelingprep.com/stable/revenue-product-segmentation?symbol=HPE&period=annual&apikey=d47e66453586f4714cb104bbcb5395d9. Warte 1s...
2025-12-09 17:55:54,171 [WARNING] API Fehler (Versuch 1): 429 Client Error: Too Many Requests for url: https://financialmodelingprep.com/stable/revenue-product-segmentation?symbol=HAS&period=quarter&apikey=d47e66453586f4714cb104bbcb5395d9. Warte 1s...
2025-12-09 17:55:54,177 [WARNING] API Fehler (Versuch 1): 429 Client Error: Too Many Requests for url: https://financialmodelingprep.com/stable/revenue-geographic-segmentation?symbol=0J2E.L&period=annual&apikey=d47e66453586f4714cb104bbcb5395d9. Warte 1s...
2025-12-09 17:55:54,181 [ERROR] API Fehler nach 3 Versuchen: 429 Client Error: Too Many Requests for url: https://financialmodelingprep.com/stable/revenue-product-segmentation?symbol=JKHY&period=annual&apikey=d47e66453586f4714cb104bbcb5395d9
2025-12-09 17:55:54,271 [ERROR] API Fehler nach 3 Versuchen: 429 Client Error: Too Many Requests for url: https://financialmodelingprep.com/stable/revenue-product-segmentation?symbol=DOC&period=annual&apikey=d47e66453586f4714cb104bbcb5395d9
2025-12-09 17:55:54,291 [WARNING] API Fehler (Versuch 1): 429 Client Error: Too Many Requests for url: https://financialmodelingprep.com/stable/revenue-product-segmentation?symbol=JKHY&period=quarter&apikey=d47e66453586f4714cb104bbcb5395d9. Warte 1s...
2025-12-09 17:55:54,383 [WARNING] API Fehler (Versuch 1): 429 Client Error: Too Many Requests for url: https://financialmodelingprep.com/stable/revenue-product-segmentation?symbol=DOC&period=quarter&apikey=d47e66453586f4714cb104bbcb5395d9. Warte 1s...
2025-12-09 17:55:55,291 [WARNING] API Fehler (Versuch 2): 429 Client Error: Too Many Requests for url: https://financialmodelingprep.com/stable/revenue-product-segmentation?symbol=HLT&period=annual&apikey=d47e66453586f4714cb104bbcb5395d9. Warte 2s...
2025-12-09 17:55:55,292 [WARNING] API Fehler (Versuch 2): 429 Client Error: Too Many Requests for url: https://financialmodelingprep.com/stable/revenue-product-segmentation?symbol=HIG&period=quarter&apikey=d47e66453586f4714cb104bbcb5395d9. Warte 2s...
2025-12-09 17:55:55,292 [WARNING] API Fehler (Versuch 2): 429 Client Error: Too Many Requests for url: https://financialmodelingprep.com/stable/revenue-geographic-segmentation?symbol=HCA&period=quarter&apikey=d47e66453586f4714cb104bbcb5395d9. Warte 2s...
2025-12-09 17:55:55,293 [WARNING] API Fehler (Versuch 2): 429 Client Error: Too Many Requests for url: https://financialmodelingprep.com/stable/revenue-product-segmentation?symbol=HSY&period=annual&apikey=d47e66453586f4714cb104bbcb5395d9. Warte 2s...
2025-12-09 17:55:55,294 [WARNING] API Fehler (Versuch 2): 429 Client Error: Too Many Requests for url: https://financialmodelingprep.com/stable/revenue-product-segmentation?symbol=HPE&period=annual&apikey=d47e66453586f4714cb104bbcb5395d9. Warte 2s...
2025-12-09 17:55:55,294 [WARNING] API Fehler (Versuch 2): 429 Client Error: Too Many Requests for url: https://financialmodelingprep.com/stable/revenue-geographic-segmentation?symbol=0J2E.L&period=annual&apikey=d47e66453586f4714cb104bbcb5395d9. Warte 2s...
2025-12-09 17:55:55,295 [WARNING] API Fehler (Versuch 2): 429 Client Error: Too Many Requests for url: https://financialmodelingprep.com/stable/revenue-product-segmentation?symbol=HAS&period=quarter&apikey=d47e66453586f4714cb104bbcb5395d9. Warte 2s...
2025-12-09 17:55:55,315 [WARNING] API Fehler (Versuch 2): 429 Client Error: Too Many Requests for url: https://financialmodelingprep.com/stable/revenue-product-segmentation?symbol=0R23.L&period=quarter&apikey=d47e66453586f4714cb104bbcb5395d9. Warte 2s...
2025-12-09 17:55:55,412 [WARNING] API Fehler (Versuch 2): 429 Client Error: Too Many Requests for url: https://financialmodelingprep.com/stable/revenue-product-segmentation?symbol=JKHY&period=quarter&apikey=d47e66453586f4714cb104bbcb5395d9. Warte 2s...
2025-12-09 17:55:55,498 [WARNING] API Fehler (Versuch 2): 429 Client Error: Too Many Requests for url: https://financialmodelingprep.com/stable/revenue-product-segmentation?symbol=DOC&period=quarter&apikey=d47e66453586f4714cb104bbcb5395d9. Warte 2s...
2025-12-09 17:55:57,414 [ERROR] API Fehler nach 3 Versuchen: 429 Client Error: Too Many Requests for url: https://financialmodelingprep.com/stable/revenue-product-segmentation?symbol=HPE&period=annual&apikey=d47e66453586f4714cb104bbcb5395d9
2025-12-09 17:55:57,415 [ERROR] API Fehler nach 3 Versuchen: 429 Client Error: Too Many Requests for url: https://financialmodelingprep.com/stable/revenue-product-segmentation?symbol=HIG&period=quarter&apikey=d47e66453586f4714cb104bbcb5395d9
2025-12-09 17:55:57,416 [ERROR] API Fehler nach 3 Versuchen: 429 Client Error: Too Many Requests for url: https://financialmodelingprep.com/stable/revenue-product-segmentation?symbol=HSY&period=annual&apikey=d47e66453586f4714cb104bbcb5395d9
2025-12-09 17:55:57,417 [ERROR] API Fehler nach 3 Versuchen: 429 Client Error: Too Many Requests for url: https://financialmodelingprep.com/stable/revenue-product-segmentation?symbol=HLT&period=annual&apikey=d47e66453586f4714cb104bbcb5395d9
2025-12-09 17:55:57,417 [ERROR] API Fehler nach 3 Versuchen: 429 Client Error: Too Many Requests for url: https://financialmodelingprep.com/stable/revenue-product-segmentation?symbol=HAS&period=quarter&apikey=d47e66453586f4714cb104bbcb5395d9
2025-12-09 17:55:57,419 [ERROR] API Fehler nach 3 Versuchen: 429 Client Error: Too Many Requests for url: https://financialmodelingprep.com/stable/revenue-geographic-segmentation?symbol=HCA&period=quarter&apikey=d47e66453586f4714cb104bbcb5395d9
2025-12-09 17:55:57,423 [ERROR] API Fehler nach 3 Versuchen: 429 Client Error: Too Many Requests for url: https://financialmodelingprep.com/stable/revenue-product-segmentation?symbol=0R23.L&period=quarter&apikey=d47e66453586f4714cb104bbcb5395d9
2025-12-09 17:55:57,436 [ERROR] API Fehler nach 3 Versuchen: 429 Client Error: Too Many Requests for url: https://financialmodelingprep.com/stable/revenue-geographic-segmentation?symbol=0J2E.L&period=annual&apikey=d47e66453586f4714cb104bbcb5395d9
2025-12-09 17:55:57,531 [WARNING] API Fehler (Versuch 1): 429 Client Error: Too Many Requests for url: https://financialmodelingprep.com/stable/revenue-geographic-segmentation?symbol=HIG&period=annual&apikey=d47e66453586f4714cb104bbcb5395d9. Warte 1s...
2025-12-09 17:55:57,533 [WARNING] API Fehler (Versuch 1): 429 Client Error: Too Many Requests for url: https://financialmodelingprep.com/stable/revenue-product-segmentation?symbol=HSY&period=quarter&apikey=d47e66453586f4714cb104bbcb5395d9. Warte 1s...
2025-12-09 17:55:57,535 [WARNING] API Fehler (Versuch 1): 429 Client Error: Too Many Requests for url: https://financialmodelingprep.com/stable/revenue-product-segmentation?symbol=HPE&period=quarter&apikey=d47e66453586f4714cb104bbcb5395d9. Warte 1s...
2025-12-09 17:55:57,537 [WARNING] API Fehler (Versuch 1): 429 Client Error: Too Many Requests for url: https://financialmodelingprep.com/stable/revenue-geographic-segmentation?symbol=HAS&period=annual&apikey=d47e66453586f4714cb104bbcb5395d9. Warte 1s...
2025-12-09 17:55:57,537 [ERROR] API Fehler nach 3 Versuchen: 429 Client Error: Too Many Requests for url: https://financialmodelingprep.com/stable/revenue-product-segmentation?symbol=JKHY&period=quarter&apikey=d47e66453586f4714cb104bbcb5395d9
2025-12-09 17:55:57,538 [WARNING] API Fehler (Versuch 1): 429 Client Error: Too Many Requests for url: https://financialmodelingprep.com/stable/revenue-geographic-segmentation?symbol=0R23.L&period=annual&apikey=d47e66453586f4714cb104bbcb5395d9. Warte 1s...
2025-12-09 17:55:57,538 [WARNING] API Fehler (Versuch 1): 429 Client Error: Too Many Requests for url: https://financialmodelingprep.com/stable/revenue-product-segmentation?symbol=HLT&period=quarter&apikey=d47e66453586f4714cb104bbcb5395d9. Warte 1s...
2025-12-09 17:55:57,542 [WARNING] API Fehler (Versuch 1): 429 Client Error: Too Many Requests for url: https://financialmodelingprep.com/stable/revenue-geographic-segmentation?symbol=0J2E.L&period=quarter&apikey=d47e66453586f4714cb104bbcb5395d9. Warte 1s...
2025-12-09 17:55:57,550 [WARNING] API Fehler (Versuch 1): 429 Client Error: Too Many Requests for url: https://financialmodelingprep.com/stable/revenue-product-segmentation?symbol=HOLX&period=annual&apikey=d47e66453586f4714cb104bbcb5395d9. Warte 1s...
2025-12-09 17:55:57,617 [ERROR] API Fehler nach 3 Versuchen: 429 Client Error: Too Many Requests for url: https://financialmodelingprep.com/stable/revenue-product-segmentation?symbol=DOC&period=quarter&apikey=d47e66453586f4714cb104bbcb5395d9
2025-12-09 17:55:57,654 [WARNING] API Fehler (Versuch 1): 429 Client Error: Too Many Requests for url: https://financialmodelingprep.com/stable/revenue-geographic-segmentation?symbol=JKHY&period=annual&apikey=d47e66453586f4714cb104bbcb5395d9. Warte 1s...
2025-12-09 17:55:57,726 [WARNING] API Fehler (Versuch 1): 429 Client Error: Too Many Requests for url: https://financialmodelingprep.com/stable/revenue-geographic-segmentation?symbol=DOC&period=annual&apikey=d47e66453586f4714cb104bbcb5395d9. Warte 1s...
